<?xml version="1.0" encoding="UTF-8"?>
<!-- Generated by org.testng.reporters.JUnitXMLReporter -->
<testsuite ignored="0" hostname="WINCTRL-4UBSUNC" failures="0" tests="3" name="Default test" time="28.943" errors="0" timestamp="2022-06-18T13:43:15 IST">
  <testcase classname="Logintestcases.caselogin" name="launchurl" time="4.777"/>
  <testcase classname="Logintestcases.caselogin" name="launchurl" time="6.933"/>
  <testcase classname="Logintestcases.caselogin" name="launchurl" time="6.141"/>
</testsuite> <!-- Default test -->
